============================= test session starts =============================
platform win32 -- Python 3.13.6, pytest-8.2.2, pluggy-1.6.0
rootdir: C:\Users\VANSH ANAND\Desktop\DriftGuardX
configfile: pytest.ini
plugins: anyio-4.14.2, Faker-25.9.1, hypothesis-6.165.10, langsmith-0.8.15, asyncio-0.23.7, cov-5.0.0, httpx-0.30.0
asyncio: mode=Mode.AUTO
collected 4 items

tests\integration\test_roadmap_59_63.py ....                             [100%]

============================== 4 passed in 1.67s ==============================
